# JRE version: OpenJDK Runtime Environment (8.0_212-b04) (build 1.8.0_212-release-1586-b04)
# Java VM: OpenJDK 64-Bit Server VM (25.212-b04 mixed mode windows-amd64 compressed oops)
Heap:
 PSYoungGen      total 542208K, used 274395K [0x00000000d5580000, 0x00000000ff680000, 0x0000000100000000)
  eden space 398336K, 67% used [0x00000000d5580000,0x00000000e5c94ed8,0x00000000eda80000)
  from space 143872K, 3% used [0x00000000eda80000,0x00000000edf620c0,0x00000000f6700000)
  to   space 138752K, 0% used [0x00000000f6f00000,0x00000000f6f00000,0x00000000ff680000)
 ParOldGen       total 566272K, used 294917K [0x0000000080000000, 0x00000000a2900000, 0x00000000d5580000)
  object space 566272K, 52% used [0x0000000080000000,0x0000000092001438,0x00000000a2900000)
 Metaspace       used 112173K, capacity 119366K, committed 120104K, reserved 1153024K
  class space    used 14040K, capacity 15491K, committed 15664K, reserved 1048576K
GC Heap History (10 events):
Event: 4388.442 GC heap before
{Heap before GC invocations=53 (full 8):
 PSYoungGen      total 511488K, used 381367K [0x00000000d5580000, 0x00000000fef00000, 0x0000000100000000)
  eden space 360960K, 100% used [0x00000000d5580000,0x00000000eb600000,0x00000000eb600000)
  from space 150528K, 13% used [0x00000000f5c00000,0x00000000f6fedc08,0x00000000fef00000)
  to   space 160256K, 0% used [0x00000000eb600000,0x00000000eb600000,0x00000000f5280000)
 ParOldGen       total 566272K, used 294909K [0x0000000080000000, 0x00000000a2900000, 0x00000000d5580000)
  object space 566272K, 52% used [0x0000000080000000,0x0000000091fff438,0x00000000a2900000)
 Metaspace       used 111924K, capacity 119102K, committed 119848K, reserved 1153024K
  class space    used 14012K, capacity 15481K, committed 15664K, reserved 1048576K
Event: 4388.461 GC heap after
Heap after GC invocations=53 (full 8):
 PSYoungGen      total 521216K, used 65547K [0x00000000d5580000, 0x00000000ff700000, 0x0000000100000000)
  eden space 360960K, 0% used [0x00000000d5580000,0x00000000d5580000,0x00000000eb600000)
  from space 160256K, 40% used [0x00000000eb600000,0x00000000ef602c90,0x00000000f5280000)
  to   space 155136K, 0% used [0x00000000f5f80000,0x00000000f5f80000,0x00000000ff700000)
 ParOldGen       total 566272K, used 294917K [0x0000000080000000, 0x00000000a2900000, 0x00000000d5580000)
  object space 566272K, 52% used [0x0000000080000000,0x0000000092001438,0x00000000a2900000)
 Metaspace       used 111924K, capacity 119102K, committed 119848K, reserved 1153024K
  class space    used 14012K, capacity 15481K, committed 15664K, reserved 1048576K
}
Event: 4388.605 GC heap before
{Heap before GC invocations=54 (full 8):
 PSYoungGen      total 521216K, used 426399K [0x00000000d5580000, 0x00000000ff700000, 0x0000000100000000)
  eden space 360960K, 99% used [0x00000000d5580000,0x00000000eb5e5078,0x00000000eb600000)
  from space 160256K, 40% used [0x00000000eb600000,0x00000000ef602c90,0x00000000f5280000)
  to   space 155136K, 0% used [0x00000000f5f80000,0x00000000f5f80000,0x00000000ff700000)
 ParOldGen       total 566272K, used 294917K [0x0000000080000000, 0x00000000a2900000, 0x00000000d5580000)
  object space 566272K, 52% used [0x0000000080000000,0x0000000092001438,0x00000000a2900000)
 Metaspace       used 111930K, capacity 119102K, committed 119848K, reserved 1153024K
  class space    used 14012K, capacity 15481K, committed 15664K, reserved 1048576K
Event: 4388.614 GC heap after
Heap after GC invocations=54 (full 8):
 PSYoungGen      total 535040K, used 7182K [0x00000000d5580000, 0x00000000ff480000, 0x0000000100000000)
  eden space 382464K, 0% used [0x00000000d5580000,0x00000000d5580000,0x00000000ecb00000)
  from space 152576K, 4% used [0x00000000f5f80000,0x00000000f6683828,0x00000000ff480000)
  to   space 152064K, 0% used [0x00000000ecb00000,0x00000000ecb00000,0x00000000f5f80000)
 ParOldGen       total 566272K, used 294917K [0x0000000080000000, 0x00000000a2900000, 0x00000000d5580000)
  object space 566272K, 52% used [0x0000000080000000,0x0000000092001438,0x00000000a2900000)
 Metaspace       used 111930K, capacity 119102K, committed 119848K, reserved 1153024K
  class space    used 14012K, capacity 15481K, committed 15664K, reserved 1048576K
}
Event: 4388.692 GC heap before
{Heap before GC invocations=55 (full 8):
 PSYoungGen      total 535040K, used 389646K [0x00000000d5580000, 0x00000000ff480000, 0x0000000100000000)
  eden space 382464K, 100% used [0x00000000d5580000,0x00000000ecb00000,0x00000000ecb00000)
  from space 152576K, 4% used [0x00000000f5f80000,0x00000000f6683828,0x00000000ff480000)
  to   space 152064K, 0% used [0x00000000ecb00000,0x00000000ecb00000,0x00000000f5f80000)
 ParOldGen       total 566272K, used 294917K [0x0000000080000000, 0x00000000a2900000, 0x00000000d5580000)
  object space 566272K, 52% used [0x0000000080000000,0x0000000092001438,0x00000000a2900000)
 Metaspace       used 111931K, capacity 119102K, committed 119848K, reserved 1153024K
  class space    used 14012K, capacity 15481K, committed 15664K, reserved 1048576K
Event: 4388.700 GC heap after
Heap after GC invocations=55 (full 8):
 PSYoungGen      total 534528K, used 6398K [0x00000000d5580000, 0x00000000ff880000, 0x0000000100000000)
  eden space 382464K, 0% used [0x00000000d5580000,0x00000000d5580000,0x00000000ecb00000)
  from space 152064K, 4% used [0x00000000ecb00000,0x00000000ed13fb68,0x00000000f5f80000)
  to   space 148480K, 0% used [0x00000000f6780000,0x00000000f6780000,0x00000000ff880000)
 ParOldGen       total 566272K, used 294917K [0x0000000080000000, 0x00000000a2900000, 0x00000000d5580000)
  object space 566272K, 52% used [0x0000000080000000,0x0000000092001438,0x00000000a2900000)
 Metaspace       used 111931K, capacity 119102K, committed 119848K, reserved 1153024K
  class space    used 14012K, capacity 15481K, committed 15664K, reserved 1048576K
}
Event: 4388.771 GC heap before
{Heap before GC invocations=56 (full 8):
 PSYoungGen      total 534528K, used 387956K [0x00000000d5580000, 0x00000000ff880000, 0x0000000100000000)
  eden space 382464K, 99% used [0x00000000d5580000,0x00000000eca1d7e0,0x00000000ecb00000)
  from space 152064K, 4% used [0x00000000ecb00000,0x00000000ed13fb68,0x00000000f5f80000)
  to   space 148480K, 0% used [0x00000000f6780000,0x00000000f6780000,0x00000000ff880000)
 ParOldGen       total 566272K, used 294917K [0x0000000080000000, 0x00000000a2900000, 0x00000000d5580000)
  object space 566272K, 52% used [0x0000000080000000,0x0000000092001438,0x00000000a2900000)
 Metaspace       used 111931K, capacity 119102K, committed 119848K, reserved 1153024K
  class space    used 14012K, capacity 15481K, committed 15664K, reserved 1048576K
Event: 4388.777 GC heap after
Heap after GC invocations=56 (full 8):
 PSYoungGen      total 541696K, used 5687K [0x00000000d5580000, 0x00000000ff380000, 0x0000000100000000)
  eden space 398336K, 0% used [0x00000000d5580000,0x00000000d5580000,0x00000000eda80000)
  from space 143360K, 3% used [0x00000000f6780000,0x00000000f6d0de88,0x00000000ff380000)
  to   space 143872K, 0% used [0x00000000eda80000,0x00000000eda80000,0x00000000f6700000)
 ParOldGen       total 566272K, used 294917K [0x0000000080000000, 0x00000000a2900000, 0x00000000d5580000)
  object space 566272K, 52% used [0x0000000080000000,0x0000000092001438,0x00000000a2900000)
 Metaspace       used 111931K, capacity 119102K, committed 119848K, reserved 1153024K
  class space    used 14012K, capacity 15481K, committed 15664K, reserved 1048576K
}
Event: 4388.857 GC heap before
{Heap before GC invocations=57 (full 8):
 PSYoungGen      total 541696K, used 403248K [0x00000000d5580000, 0x00000000ff380000, 0x0000000100000000)
  eden space 398336K, 99% used [0x00000000d5580000,0x00000000ed9be1f0,0x00000000eda80000)
  from space 143360K, 3% used [0x00000000f6780000,0x00000000f6d0de88,0x00000000ff380000)
  to   space 143872K, 0% used [0x00000000eda80000,0x00000000eda80000,0x00000000f6700000)
 ParOldGen       total 566272K, used 294917K [0x0000000080000000, 0x00000000a2900000, 0x00000000d5580000)
  object space 566272K, 52% used [0x0000000080000000,0x0000000092001438,0x00000000a2900000)
 Metaspace       used 111931K, capacity 119102K, committed 119848K, reserved 1153024K
  class space    used 14012K, capacity 15481K, committed 15664K, reserved 1048576K
Event: 4388.863 GC heap after
Heap after GC invocations=57 (full 8):
 PSYoungGen      total 542208K, used 5000K [0x00000000d5580000, 0x00000000ff680000, 0x0000000100000000)
  eden space 398336K, 0% used [0x00000000d5580000,0x00000000d5580000,0x00000000eda80000)
  from space 143872K, 3% used [0x00000000eda80000,0x00000000edf620c0,0x00000000f6700000)
  to   space 138752K, 0% used [0x00000000f6f00000,0x00000000f6f00000,0x00000000ff680000)
 ParOldGen       total 566272K, used 294917K [0x0000000080000000, 0x00000000a2900000, 0x00000000d5580000)
  object space 566272K, 52% used [0x0000000080000000,0x0000000092001438,0x00000000a2900000)
 Metaspace       used 111931K, capacity 119102K, committed 119848K, reserved 1153024K
  class space    used 14012K, capacity 15481K, committed 15664K, reserved 1048576K
}

