# JRE version: OpenJDK Runtime Environment (8.0_212-b04) (build 1.8.0_212-release-1586-b04)
# Java VM: OpenJDK 64-Bit Server VM (25.212-b04 mixed mode windows-amd64 compressed oops)
Heap:
 PSYoungGen      total 464384K, used 458736K [0x00000000d5580000, 0x00000000f9600000, 0x0000000100000000)
  eden space 420352K, 99% used [0x00000000d5580000,0x00000000eef6d850,0x00000000ef000000)
  from space 44032K, 88% used [0x00000000ef000000,0x00000000f160e9e0,0x00000000f1b00000)
  to   space 52736K, 0% used [0x00000000f6280000,0x00000000f6280000,0x00000000f9600000)
 ParOldGen       total 420352K, used 75719K [0x0000000080000000, 0x0000000099a80000, 0x00000000d5580000)
  object space 420352K, 18% used [0x0000000080000000,0x00000000849f1e50,0x0000000099a80000)
 Metaspace       used 114268K, capacity 122844K, committed 123176K, reserved 1157120K
  class space    used 14217K, capacity 15827K, committed 15920K, reserved 1048576K
GC Heap History (10 events):
Event: 6028.509 GC heap before
{Heap before GC invocations=240 (full 57):
 PSYoungGen      total 466944K, used 646K [0x00000000d5580000, 0x00000000f5300000, 0x0000000100000000)
  eden space 420352K, 0% used [0x00000000d5580000,0x00000000d5621b10,0x00000000ef000000)
  from space 46592K, 0% used [0x00000000f2580000,0x00000000f2580000,0x00000000f5300000)
  to   space 50688K, 0% used [0x00000000ef000000,0x00000000ef000000,0x00000000f2180000)
 ParOldGen       total 420352K, used 75737K [0x0000000080000000, 0x0000000099a80000, 0x00000000d5580000)
  object space 420352K, 18% used [0x0000000080000000,0x00000000849f6728,0x0000000099a80000)
 Metaspace       used 113348K, capacity 120686K, committed 120744K, reserved 1155072K
  class space    used 14027K, capacity 15478K, committed 15536K, reserved 1048576K
Event: 6028.513 GC heap after
Heap after GC invocations=240 (full 57):
 PSYoungGen      total 420864K, used 64K [0x00000000d5580000, 0x00000000f4d00000, 0x0000000100000000)
  eden space 420352K, 0% used [0x00000000d5580000,0x00000000d5580000,0x00000000ef000000)
  from space 512K, 12% used [0x00000000ef000000,0x00000000ef010000,0x00000000ef080000)
  to   space 47616K, 0% used [0x00000000f1e80000,0x00000000f1e80000,0x00000000f4d00000)
 ParOldGen       total 420352K, used 75737K [0x0000000080000000, 0x0000000099a80000, 0x00000000d5580000)
  object space 420352K, 18% used [0x0000000080000000,0x00000000849f6728,0x0000000099a80000)
 Metaspace       used 113348K, capacity 120686K, committed 120744K, reserved 1155072K
  class space    used 14027K, capacity 15478K, committed 15536K, reserved 1048576K
}
Event: 6028.513 GC heap before
{Heap before GC invocations=241 (full 58):
 PSYoungGen      total 420864K, used 64K [0x00000000d5580000, 0x00000000f4d00000, 0x0000000100000000)
  eden space 420352K, 0% used [0x00000000d5580000,0x00000000d5580000,0x00000000ef000000)
  from space 512K, 12% used [0x00000000ef000000,0x00000000ef010000,0x00000000ef080000)
  to   space 47616K, 0% used [0x00000000f1e80000,0x00000000f1e80000,0x00000000f4d00000)
 ParOldGen       total 420352K, used 75737K [0x0000000080000000, 0x0000000099a80000, 0x00000000d5580000)
  object space 420352K, 18% used [0x0000000080000000,0x00000000849f6728,0x0000000099a80000)
 Metaspace       used 113348K, capacity 120686K, committed 120744K, reserved 1155072K
  class space    used 14027K, capacity 15478K, committed 15536K, reserved 1048576K
Event: 6028.698 GC heap after
Heap after GC invocations=241 (full 58):
 PSYoungGen      total 420864K, used 0K [0x00000000d5580000, 0x00000000f4d00000, 0x0000000100000000)
  eden space 420352K, 0% used [0x00000000d5580000,0x00000000d5580000,0x00000000ef000000)
  from space 512K, 0% used [0x00000000ef000000,0x00000000ef000000,0x00000000ef080000)
  to   space 47616K, 0% used [0x00000000f1e80000,0x00000000f1e80000,0x00000000f4d00000)
 ParOldGen       total 420352K, used 75727K [0x0000000080000000, 0x0000000099a80000, 0x00000000d5580000)
  object space 420352K, 18% used [0x0000000080000000,0x00000000849f3fe8,0x0000000099a80000)
 Metaspace       used 113348K, capacity 120686K, committed 120744K, reserved 1155072K
  class space    used 14027K, capacity 15478K, committed 15536K, reserved 1048576K
}
Event: 6028.725 GC heap before
{Heap before GC invocations=242 (full 58):
 PSYoungGen      total 420864K, used 646K [0x00000000d5580000, 0x00000000f4d00000, 0x0000000100000000)
  eden space 420352K, 0% used [0x00000000d5580000,0x00000000d5621b10,0x00000000ef000000)
  from space 512K, 0% used [0x00000000ef000000,0x00000000ef000000,0x00000000ef080000)
  to   space 47616K, 0% used [0x00000000f1e80000,0x00000000f1e80000,0x00000000f4d00000)
 ParOldGen       total 420352K, used 75727K [0x0000000080000000, 0x0000000099a80000, 0x00000000d5580000)
  object space 420352K, 18% used [0x0000000080000000,0x00000000849f3fe8,0x0000000099a80000)
 Metaspace       used 113348K, capacity 120686K, committed 120744K, reserved 1155072K
  class space    used 14027K, capacity 15478K, committed 15536K, reserved 1048576K
Event: 6028.729 GC heap after
Heap after GC invocations=242 (full 58):
 PSYoungGen      total 460800K, used 96K [0x00000000d5580000, 0x00000000f4600000, 0x0000000100000000)
  eden space 420352K, 0% used [0x00000000d5580000,0x00000000d5580000,0x00000000ef000000)
  from space 40448K, 0% used [0x00000000f1e80000,0x00000000f1e98000,0x00000000f4600000)
  to   space 44032K, 0% used [0x00000000ef000000,0x00000000ef000000,0x00000000f1b00000)
 ParOldGen       total 420352K, used 75727K [0x0000000080000000, 0x0000000099a80000, 0x00000000d5580000)
  object space 420352K, 18% used [0x0000000080000000,0x00000000849f3fe8,0x0000000099a80000)
 Metaspace       used 113348K, capacity 120686K, committed 120744K, reserved 1155072K
  class space    used 14027K, capacity 15478K, committed 15536K, reserved 1048576K
}
Event: 6028.729 GC heap before
{Heap before GC invocations=243 (full 59):
 PSYoungGen      total 460800K, used 96K [0x00000000d5580000, 0x00000000f4600000, 0x0000000100000000)
  eden space 420352K, 0% used [0x00000000d5580000,0x00000000d5580000,0x00000000ef000000)
  from space 40448K, 0% used [0x00000000f1e80000,0x00000000f1e98000,0x00000000f4600000)
  to   space 44032K, 0% used [0x00000000ef000000,0x00000000ef000000,0x00000000f1b00000)
 ParOldGen       total 420352K, used 75727K [0x0000000080000000, 0x0000000099a80000, 0x00000000d5580000)
  object space 420352K, 18% used [0x0000000080000000,0x00000000849f3fe8,0x0000000099a80000)
 Metaspace       used 113348K, capacity 120686K, committed 120744K, reserved 1155072K
  class space    used 14027K, capacity 15478K, committed 15536K, reserved 1048576K
Event: 6028.917 GC heap after
Heap after GC invocations=243 (full 59):
 PSYoungGen      total 460800K, used 0K [0x00000000d5580000, 0x00000000f4600000, 0x0000000100000000)
  eden space 420352K, 0% used [0x00000000d5580000,0x00000000d5580000,0x00000000ef000000)
  from space 40448K, 0% used [0x00000000f1e80000,0x00000000f1e80000,0x00000000f4600000)
  to   space 44032K, 0% used [0x00000000ef000000,0x00000000ef000000,0x00000000f1b00000)
 ParOldGen       total 420352K, used 75719K [0x0000000080000000, 0x0000000099a80000, 0x00000000d5580000)
  object space 420352K, 18% used [0x0000000080000000,0x00000000849f1e50,0x0000000099a80000)
 Metaspace       used 113348K, capacity 120686K, committed 120744K, reserved 1155072K
  class space    used 14027K, capacity 15478K, committed 15536K, reserved 1048576K
}
Event: 7221.816 GC heap before
{Heap before GC invocations=244 (full 59):
 PSYoungGen      total 460800K, used 420352K [0x00000000d5580000, 0x00000000f4600000, 0x0000000100000000)
  eden space 420352K, 100% used [0x00000000d5580000,0x00000000ef000000,0x00000000ef000000)
  from space 40448K, 0% used [0x00000000f1e80000,0x00000000f1e80000,0x00000000f4600000)
  to   space 44032K, 0% used [0x00000000ef000000,0x00000000ef000000,0x00000000f1b00000)
 ParOldGen       total 420352K, used 75719K [0x0000000080000000, 0x0000000099a80000, 0x00000000d5580000)
  object space 420352K, 18% used [0x0000000080000000,0x00000000849f1e50,0x0000000099a80000)
 Metaspace       used 114231K, capacity 122844K, committed 123176K, reserved 1157120K
  class space    used 14217K, capacity 15827K, committed 15920K, reserved 1048576K
Event: 7221.871 GC heap after
Heap after GC invocations=244 (full 59):
 PSYoungGen      total 464384K, used 38970K [0x00000000d5580000, 0x00000000f9600000, 0x0000000100000000)
  eden space 420352K, 0% used [0x00000000d5580000,0x00000000d5580000,0x00000000ef000000)
  from space 44032K, 88% used [0x00000000ef000000,0x00000000f160e9e0,0x00000000f1b00000)
  to   space 52736K, 0% used [0x00000000f6280000,0x00000000f6280000,0x00000000f9600000)
 ParOldGen       total 420352K, used 75719K [0x0000000080000000, 0x0000000099a80000, 0x00000000d5580000)
  object space 420352K, 18% used [0x0000000080000000,0x00000000849f1e50,0x0000000099a80000)
 Metaspace       used 114231K, capacity 122844K, committed 123176K, reserved 1157120K
  class space    used 14217K, capacity 15827K, committed 15920K, reserved 1048576K
}

