# JRE version: OpenJDK Runtime Environment (8.0_212-b04) (build 1.8.0_212-release-1586-b04)
# Java VM: OpenJDK 64-Bit Server VM (25.212-b04 mixed mode windows-amd64 compressed oops)
Heap:
 PSYoungGen      total 528384K, used 53763K [0x00000000d5580000, 0x00000000fdb80000, 0x0000000100000000)
  eden space 411648K, 13% used [0x00000000d5580000,0x00000000d8a00fb8,0x00000000ee780000)
  from space 116736K, 0% used [0x00000000f6980000,0x00000000f6980000,0x00000000fdb80000)
  to   space 124928K, 0% used [0x00000000ee780000,0x00000000ee780000,0x00000000f6180000)
 ParOldGen       total 399872K, used 93573K [0x0000000080000000, 0x0000000098680000, 0x00000000d5580000)
  object space 399872K, 23% used [0x0000000080000000,0x0000000085b617a0,0x0000000098680000)
 Metaspace       used 112941K, capacity 120434K, committed 123312K, reserved 1157120K
  class space    used 14135K, capacity 15766K, committed 16304K, reserved 1048576K
GC Heap History (10 events):
Event: 1259.180 GC heap before
{Heap before GC invocations=49 (full 8):
 PSYoungGen      total 522240K, used 368256K [0x00000000d5580000, 0x00000000ff300000, 0x0000000100000000)
  eden space 368128K, 100% used [0x00000000d5580000,0x00000000ebd00000,0x00000000ebd00000)
  from space 154112K, 0% used [0x00000000f5c80000,0x00000000f5ca0000,0x00000000ff300000)
  to   space 158720K, 0% used [0x00000000ebd00000,0x00000000ebd00000,0x00000000f5800000)
 ParOldGen       total 399872K, used 129068K [0x0000000080000000, 0x0000000098680000, 0x00000000d5580000)
  object space 399872K, 32% used [0x0000000080000000,0x0000000087e0b098,0x0000000098680000)
 Metaspace       used 109929K, capacity 117378K, committed 117680K, reserved 1150976K
  class space    used 13918K, capacity 15447K, committed 15536K, reserved 1048576K
Event: 1259.244 GC heap after
Heap after GC invocations=49 (full 8):
 PSYoungGen      total 526848K, used 35444K [0x00000000d5580000, 0x00000000fed80000, 0x0000000100000000)
  eden space 368128K, 0% used [0x00000000d5580000,0x00000000d5580000,0x00000000ebd00000)
  from space 158720K, 22% used [0x00000000ebd00000,0x00000000edf9d168,0x00000000f5800000)
  to   space 146944K, 0% used [0x00000000f5e00000,0x00000000f5e00000,0x00000000fed80000)
 ParOldGen       total 399872K, used 129100K [0x0000000080000000, 0x0000000098680000, 0x00000000d5580000)
  object space 399872K, 32% used [0x0000000080000000,0x0000000087e13098,0x0000000098680000)
 Metaspace       used 109929K, capacity 117378K, committed 117680K, reserved 1150976K
  class space    used 13918K, capacity 15447K, committed 15536K, reserved 1048576K
}
Event: 3020.743 GC heap before
{Heap before GC invocations=50 (full 8):
 PSYoungGen      total 526848K, used 403572K [0x00000000d5580000, 0x00000000fed80000, 0x0000000100000000)
  eden space 368128K, 100% used [0x00000000d5580000,0x00000000ebd00000,0x00000000ebd00000)
  from space 158720K, 22% used [0x00000000ebd00000,0x00000000edf9d168,0x00000000f5800000)
  to   space 146944K, 0% used [0x00000000f5e00000,0x00000000f5e00000,0x00000000fed80000)
 ParOldGen       total 399872K, used 129100K [0x0000000080000000, 0x0000000098680000, 0x00000000d5580000)
  object space 399872K, 32% used [0x0000000080000000,0x0000000087e13098,0x0000000098680000)
 Metaspace       used 110110K, capacity 117520K, committed 117680K, reserved 1150976K
  class space    used 13936K, capacity 15470K, committed 15536K, reserved 1048576K
Event: 3020.755 GC heap after
Heap after GC invocations=50 (full 8):
 PSYoungGen      total 535552K, used 2649K [0x00000000d5580000, 0x00000000feb80000, 0x0000000100000000)
  eden space 390656K, 0% used [0x00000000d5580000,0x00000000d5580000,0x00000000ed300000)
  from space 144896K, 1% used [0x00000000f5e00000,0x00000000f6096408,0x00000000feb80000)
  to   space 142336K, 0% used [0x00000000ed300000,0x00000000ed300000,0x00000000f5e00000)
 ParOldGen       total 399872K, used 130647K [0x0000000080000000, 0x0000000098680000, 0x00000000d5580000)
  object space 399872K, 32% used [0x0000000080000000,0x0000000087f95ef8,0x0000000098680000)
 Metaspace       used 110110K, capacity 117520K, committed 117680K, reserved 1150976K
  class space    used 13936K, capacity 15470K, committed 15536K, reserved 1048576K
}
Event: 6069.907 GC heap before
{Heap before GC invocations=51 (full 8):
 PSYoungGen      total 535552K, used 393305K [0x00000000d5580000, 0x00000000feb80000, 0x0000000100000000)
  eden space 390656K, 100% used [0x00000000d5580000,0x00000000ed300000,0x00000000ed300000)
  from space 144896K, 1% used [0x00000000f5e00000,0x00000000f6096408,0x00000000feb80000)
  to   space 142336K, 0% used [0x00000000ed300000,0x00000000ed300000,0x00000000f5e00000)
 ParOldGen       total 399872K, used 130647K [0x0000000080000000, 0x0000000098680000, 0x00000000d5580000)
  object space 399872K, 32% used [0x0000000080000000,0x0000000087f95ef8,0x0000000098680000)
 Metaspace       used 111431K, capacity 119726K, committed 119856K, reserved 1153024K
  class space    used 14110K, capacity 15895K, committed 15920K, reserved 1048576K
Event: 6069.956 GC heap after
Heap after GC invocations=51 (full 8):
 PSYoungGen      total 532992K, used 23341K [0x00000000d5580000, 0x00000000feb80000, 0x0000000100000000)
  eden space 390656K, 0% used [0x00000000d5580000,0x00000000d5580000,0x00000000ed300000)
  from space 142336K, 16% used [0x00000000ed300000,0x00000000ee9cb598,0x00000000f5e00000)
  to   space 133120K, 0% used [0x00000000f6980000,0x00000000f6980000,0x00000000feb80000)
 ParOldGen       total 399872K, used 131468K [0x0000000080000000, 0x0000000098680000, 0x00000000d5580000)
  object space 399872K, 32% used [0x0000000080000000,0x00000000880630c8,0x0000000098680000)
 Metaspace       used 111431K, capacity 119726K, committed 119856K, reserved 1153024K
  class space    used 14110K, capacity 15895K, committed 15920K, reserved 1048576K
}
Event: 6864.337 GC heap before
{Heap before GC invocations=52 (full 8):
 PSYoungGen      total 532992K, used 346716K [0x00000000d5580000, 0x00000000feb80000, 0x0000000100000000)
  eden space 390656K, 82% used [0x00000000d5580000,0x00000000e914bb00,0x00000000ed300000)
  from space 142336K, 16% used [0x00000000ed300000,0x00000000ee9cb598,0x00000000f5e00000)
  to   space 133120K, 0% used [0x00000000f6980000,0x00000000f6980000,0x00000000feb80000)
 ParOldGen       total 399872K, used 131468K [0x0000000080000000, 0x0000000098680000, 0x00000000d5580000)
  object space 399872K, 32% used [0x0000000080000000,0x00000000880630c8,0x0000000098680000)
 Metaspace       used 114674K, capacity 123108K, committed 123312K, reserved 1157120K
  class space    used 14438K, capacity 16279K, committed 16304K, reserved 1048576K
Event: 6864.398 GC heap after
Heap after GC invocations=52 (full 8):
 PSYoungGen      total 528384K, used 22974K [0x00000000d5580000, 0x00000000fdb80000, 0x0000000100000000)
  eden space 411648K, 0% used [0x00000000d5580000,0x00000000d5580000,0x00000000ee780000)
  from space 116736K, 19% used [0x00000000f6980000,0x00000000f7fefb40,0x00000000fdb80000)
  to   space 124928K, 0% used [0x00000000ee780000,0x00000000ee780000,0x00000000f6180000)
 ParOldGen       total 399872K, used 135451K [0x0000000080000000, 0x0000000098680000, 0x00000000d5580000)
  object space 399872K, 33% used [0x0000000080000000,0x0000000088446e60,0x0000000098680000)
 Metaspace       used 114674K, capacity 123108K, committed 123312K, reserved 1157120K
  class space    used 14438K, capacity 16279K, committed 16304K, reserved 1048576K
}
Event: 6864.398 GC heap before
{Heap before GC invocations=53 (full 9):
 PSYoungGen      total 528384K, used 22974K [0x00000000d5580000, 0x00000000fdb80000, 0x0000000100000000)
  eden space 411648K, 0% used [0x00000000d5580000,0x00000000d5580000,0x00000000ee780000)
  from space 116736K, 19% used [0x00000000f6980000,0x00000000f7fefb40,0x00000000fdb80000)
  to   space 124928K, 0% used [0x00000000ee780000,0x00000000ee780000,0x00000000f6180000)
 ParOldGen       total 399872K, used 135451K [0x0000000080000000, 0x0000000098680000, 0x00000000d5580000)
  object space 399872K, 33% used [0x0000000080000000,0x0000000088446e60,0x0000000098680000)
 Metaspace       used 114674K, capacity 123108K, committed 123312K, reserved 1157120K
  class space    used 14438K, capacity 16279K, committed 16304K, reserved 1048576K
Event: 6864.989 GC heap after
Heap after GC invocations=53 (full 9):
 PSYoungGen      total 528384K, used 0K [0x00000000d5580000, 0x00000000fdb80000, 0x0000000100000000)
  eden space 411648K, 0% used [0x00000000d5580000,0x00000000d5580000,0x00000000ee780000)
  from space 116736K, 0% used [0x00000000f6980000,0x00000000f6980000,0x00000000fdb80000)
  to   space 124928K, 0% used [0x00000000ee780000,0x00000000ee780000,0x00000000f6180000)
 ParOldGen       total 399872K, used 93573K [0x0000000080000000, 0x0000000098680000, 0x00000000d5580000)
  object space 399872K, 23% used [0x0000000080000000,0x0000000085b617a0,0x0000000098680000)
 Metaspace       used 112918K, capacity 120434K, committed 123312K, reserved 1157120K
  class space    used 14135K, capacity 15766K, committed 16304K, reserved 1048576K
}

