# JRE version: OpenJDK Runtime Environment (8.0_212-b04) (build 1.8.0_212-release-1586-b04)
# Java VM: OpenJDK 64-Bit Server VM (25.212-b04 mixed mode windows-amd64 compressed oops)
Heap:
 PSYoungGen      total 245248K, used 11243K [0x00000000d5580000, 0x00000000e6300000, 0x0000000100000000)
  eden space 214528K, 5% used [0x00000000d5580000,0x00000000d607ae30,0x00000000e2700000)
  from space 30720K, 0% used [0x00000000e2700000,0x00000000e2700000,0x00000000e4500000)
  to   space 18944K, 0% used [0x00000000e5080000,0x00000000e5080000,0x00000000e6300000)
 ParOldGen       total 119808K, used 101118K [0x0000000080000000, 0x0000000087500000, 0x00000000d5580000)
  object space 119808K, 84% used [0x0000000080000000,0x00000000862bf890,0x0000000087500000)
 Metaspace       used 85687K, capacity 90218K, committed 90648K, reserved 1128448K
  class space    used 11300K, capacity 12429K, committed 12592K, reserved 1048576K
GC Heap History (10 events):
Event: 125.820 GC heap before
{Heap before GC invocations=15 (full 3):
 PSYoungGen      total 245248K, used 245243K [0x00000000d5580000, 0x00000000e6580000, 0x0000000100000000)
  eden space 227328K, 100% used [0x00000000d5580000,0x00000000e3380000,0x00000000e3380000)
  from space 17920K, 99% used [0x00000000e3f00000,0x00000000e507ed00,0x00000000e5080000)
  to   space 21504K, 0% used [0x00000000e5080000,0x00000000e5080000,0x00000000e6580000)
 ParOldGen       total 119808K, used 41831K [0x0000000080000000, 0x0000000087500000, 0x00000000d5580000)
  object space 119808K, 34% used [0x0000000080000000,0x00000000828d9d70,0x0000000087500000)
 Metaspace       used 69232K, capacity 72798K, committed 72984K, reserved 1112064K
  class space    used 9486K, capacity 10434K, committed 10544K, reserved 1048576K
Event: 125.879 GC heap after
Heap after GC invocations=15 (full 3):
 PSYoungGen      total 252928K, used 15870K [0x00000000d5580000, 0x00000000ea180000, 0x0000000100000000)
  eden space 231424K, 0% used [0x00000000d5580000,0x00000000d5580000,0x00000000e3780000)
  from space 21504K, 73% used [0x00000000e5080000,0x00000000e5fffb90,0x00000000e6580000)
  to   space 25600K, 0% used [0x00000000e3780000,0x00000000e3780000,0x00000000e5080000)
 ParOldGen       total 119808K, used 56524K [0x0000000080000000, 0x0000000087500000, 0x00000000d5580000)
  object space 119808K, 47% used [0x0000000080000000,0x00000000837331d0,0x0000000087500000)
 Metaspace       used 69232K, capacity 72798K, committed 72984K, reserved 1112064K
  class space    used 9486K, capacity 10434K, committed 10544K, reserved 1048576K
}
Event: 505.954 GC heap before
{Heap before GC invocations=16 (full 3):
 PSYoungGen      total 252928K, used 247294K [0x00000000d5580000, 0x00000000ea180000, 0x0000000100000000)
  eden space 231424K, 100% used [0x00000000d5580000,0x00000000e3780000,0x00000000e3780000)
  from space 21504K, 73% used [0x00000000e5080000,0x00000000e5fffb90,0x00000000e6580000)
  to   space 25600K, 0% used [0x00000000e3780000,0x00000000e3780000,0x00000000e5080000)
 ParOldGen       total 119808K, used 56524K [0x0000000080000000, 0x0000000087500000, 0x00000000d5580000)
  object space 119808K, 47% used [0x0000000080000000,0x00000000837331d0,0x0000000087500000)
 Metaspace       used 76634K, capacity 80752K, committed 80920K, reserved 1118208K
  class space    used 10224K, capacity 11292K, committed 11312K, reserved 1048576K
Event: 506.073 GC heap after
Heap after GC invocations=16 (full 3):
 PSYoungGen      total 248320K, used 25584K [0x00000000d5580000, 0x00000000e6d00000, 0x0000000100000000)
  eden space 222720K, 0% used [0x00000000d5580000,0x00000000d5580000,0x00000000e2f00000)
  from space 25600K, 99% used [0x00000000e3780000,0x00000000e507c130,0x00000000e5080000)
  to   space 29184K, 0% used [0x00000000e5080000,0x00000000e5080000,0x00000000e6d00000)
 ParOldGen       total 119808K, used 62897K [0x0000000080000000, 0x0000000087500000, 0x00000000d5580000)
  object space 119808K, 52% used [0x0000000080000000,0x0000000083d6c5e0,0x0000000087500000)
 Metaspace       used 76634K, capacity 80752K, committed 80920K, reserved 1118208K
  class space    used 10224K, capacity 11292K, committed 11312K, reserved 1048576K
}
Event: 615.550 GC heap before
{Heap before GC invocations=17 (full 3):
 PSYoungGen      total 248320K, used 248304K [0x00000000d5580000, 0x00000000e6d00000, 0x0000000100000000)
  eden space 222720K, 100% used [0x00000000d5580000,0x00000000e2f00000,0x00000000e2f00000)
  from space 25600K, 99% used [0x00000000e3780000,0x00000000e507c130,0x00000000e5080000)
  to   space 29184K, 0% used [0x00000000e5080000,0x00000000e5080000,0x00000000e6d00000)
 ParOldGen       total 119808K, used 62897K [0x0000000080000000, 0x0000000087500000, 0x00000000d5580000)
  object space 119808K, 52% used [0x0000000080000000,0x0000000083d6c5e0,0x0000000087500000)
 Metaspace       used 79283K, capacity 83784K, committed 83864K, reserved 1122304K
  class space    used 10548K, capacity 11666K, committed 11696K, reserved 1048576K
Event: 615.603 GC heap after
Heap after GC invocations=17 (full 3):
 PSYoungGen      total 233472K, used 17116K [0x00000000d5580000, 0x00000000e6300000, 0x0000000100000000)
  eden space 214528K, 0% used [0x00000000d5580000,0x00000000d5580000,0x00000000e2700000)
  from space 18944K, 90% used [0x00000000e5080000,0x00000000e6137028,0x00000000e6300000)
  to   space 30720K, 0% used [0x00000000e2700000,0x00000000e2700000,0x00000000e4500000)
 ParOldGen       total 119808K, used 86944K [0x0000000080000000, 0x0000000087500000, 0x00000000d5580000)
  object space 119808K, 72% used [0x0000000080000000,0x00000000854e8368,0x0000000087500000)
 Metaspace       used 79283K, capacity 83784K, committed 83864K, reserved 1122304K
  class space    used 10548K, capacity 11666K, committed 11696K, reserved 1048576K
}
Event: 634.152 GC heap before
{Heap before GC invocations=18 (full 3):
 PSYoungGen      total 233472K, used 231524K [0x00000000d5580000, 0x00000000e6300000, 0x0000000100000000)
  eden space 214528K, 99% used [0x00000000d5580000,0x00000000e26e2348,0x00000000e2700000)
  from space 18944K, 90% used [0x00000000e5080000,0x00000000e6137028,0x00000000e6300000)
  to   space 30720K, 0% used [0x00000000e2700000,0x00000000e2700000,0x00000000e4500000)
 ParOldGen       total 119808K, used 86944K [0x0000000080000000, 0x0000000087500000, 0x00000000d5580000)
  object space 119808K, 72% used [0x0000000080000000,0x00000000854e8368,0x0000000087500000)
 Metaspace       used 85694K, capacity 90344K, committed 90648K, reserved 1128448K
  class space    used 11308K, capacity 12472K, committed 12592K, reserved 1048576K
Event: 634.221 GC heap after
Heap after GC invocations=18 (full 3):
 PSYoungGen      total 245248K, used 30714K [0x00000000d5580000, 0x00000000e6300000, 0x0000000100000000)
  eden space 214528K, 0% used [0x00000000d5580000,0x00000000d5580000,0x00000000e2700000)
  from space 30720K, 99% used [0x00000000e2700000,0x00000000e44fea90,0x00000000e4500000)
  to   space 18944K, 0% used [0x00000000e5080000,0x00000000e5080000,0x00000000e6300000)
 ParOldGen       total 119808K, used 103100K [0x0000000080000000, 0x0000000087500000, 0x00000000d5580000)
  object space 119808K, 86% used [0x0000000080000000,0x00000000864af248,0x0000000087500000)
 Metaspace       used 85694K, capacity 90344K, committed 90648K, reserved 1128448K
  class space    used 11308K, capacity 12472K, committed 12592K, reserved 1048576K
}
Event: 634.221 GC heap before
{Heap before GC invocations=19 (full 4):
 PSYoungGen      total 245248K, used 30714K [0x00000000d5580000, 0x00000000e6300000, 0x0000000100000000)
  eden space 214528K, 0% used [0x00000000d5580000,0x00000000d5580000,0x00000000e2700000)
  from space 30720K, 99% used [0x00000000e2700000,0x00000000e44fea90,0x00000000e4500000)
  to   space 18944K, 0% used [0x00000000e5080000,0x00000000e5080000,0x00000000e6300000)
 ParOldGen       total 119808K, used 103100K [0x0000000080000000, 0x0000000087500000, 0x00000000d5580000)
  object space 119808K, 86% used [0x0000000080000000,0x00000000864af248,0x0000000087500000)
 Metaspace       used 85694K, capacity 90344K, committed 90648K, reserved 1128448K
  class space    used 11308K, capacity 12472K, committed 12592K, reserved 1048576K
Event: 634.641 GC heap after
Heap after GC invocations=19 (full 4):
 PSYoungGen      total 245248K, used 0K [0x00000000d5580000, 0x00000000e6300000, 0x0000000100000000)
  eden space 214528K, 0% used [0x00000000d5580000,0x00000000d5580000,0x00000000e2700000)
  from space 30720K, 0% used [0x00000000e2700000,0x00000000e2700000,0x00000000e4500000)
  to   space 18944K, 0% used [0x00000000e5080000,0x00000000e5080000,0x00000000e6300000)
 ParOldGen       total 119808K, used 101118K [0x0000000080000000, 0x0000000087500000, 0x00000000d5580000)
  object space 119808K, 84% used [0x0000000080000000,0x00000000862bf890,0x0000000087500000)
 Metaspace       used 85647K, capacity 90212K, committed 90648K, reserved 1128448K
  class space    used 11294K, capacity 12428K, committed 12592K, reserved 1048576K
}

