# JRE version: OpenJDK Runtime Environment (8.0_212-b04) (build 1.8.0_212-release-1586-b04)
# Java VM: OpenJDK 64-Bit Server VM (25.212-b04 mixed mode windows-amd64 compressed oops)
Heap:
 PSYoungGen      total 243200K, used 143327K [0x00000000d5580000, 0x00000000e8380000, 0x0000000100000000)
  eden space 216576K, 54% used [0x00000000d5580000,0x00000000dc8ce890,0x00000000e2900000)
  from space 26624K, 94% used [0x00000000e2900000,0x00000000e41a9580,0x00000000e4300000)
  to   space 30208K, 0% used [0x00000000e6600000,0x00000000e6600000,0x00000000e8380000)
 ParOldGen       total 171520K, used 39203K [0x0000000080000000, 0x000000008a780000, 0x00000000d5580000)
  object space 171520K, 22% used [0x0000000080000000,0x0000000082648f28,0x000000008a780000)
 Metaspace       used 71900K, capacity 74850K, committed 75048K, reserved 1114112K
  class space    used 9834K, capacity 10691K, committed 10800K, reserved 1048576K
GC Heap History (10 events):
Event: 17.933 GC heap before
{Heap before GC invocations=8 (full 2):
 PSYoungGen      total 193536K, used 10243K [0x00000000d5580000, 0x00000000e2380000, 0x0000000100000000)
  eden space 176640K, 0% used [0x00000000d5580000,0x00000000d5580000,0x00000000e0200000)
  from space 16896K, 60% used [0x00000000e1200000,0x00000000e1c00e00,0x00000000e2280000)
  to   space 16384K, 0% used [0x00000000e0200000,0x00000000e0200000,0x00000000e1200000)
 ParOldGen       total 69120K, used 19548K [0x0000000080000000, 0x0000000084380000, 0x00000000d5580000)
  object space 69120K, 28% used [0x0000000080000000,0x0000000081317060,0x0000000084380000)
 Metaspace       used 34705K, capacity 35366K, committed 35496K, reserved 1079296K
  class space    used 4724K, capacity 4964K, committed 5040K, reserved 1048576K
Event: 18.114 GC heap after
Heap after GC invocations=8 (full 2):
 PSYoungGen      total 193536K, used 0K [0x00000000d5580000, 0x00000000e2380000, 0x0000000100000000)
  eden space 176640K, 0% used [0x00000000d5580000,0x00000000d5580000,0x00000000e0200000)
  from space 16896K, 0% used [0x00000000e1200000,0x00000000e1200000,0x00000000e2280000)
  to   space 16384K, 0% used [0x00000000e0200000,0x00000000e0200000,0x00000000e1200000)
 ParOldGen       total 114688K, used 19192K [0x0000000080000000, 0x0000000087000000, 0x00000000d5580000)
  object space 114688K, 16% used [0x0000000080000000,0x00000000812be388,0x0000000087000000)
 Metaspace       used 34658K, capacity 35234K, committed 35496K, reserved 1079296K
  class space    used 4711K, capacity 4920K, committed 5040K, reserved 1048576K
}
Event: 45.638 GC heap before
{Heap before GC invocations=9 (full 2):
 PSYoungGen      total 193536K, used 176640K [0x00000000d5580000, 0x00000000e2380000, 0x0000000100000000)
  eden space 176640K, 100% used [0x00000000d5580000,0x00000000e0200000,0x00000000e0200000)
  from space 16896K, 0% used [0x00000000e1200000,0x00000000e1200000,0x00000000e2280000)
  to   space 16384K, 0% used [0x00000000e0200000,0x00000000e0200000,0x00000000e1200000)
 ParOldGen       total 114688K, used 19192K [0x0000000080000000, 0x0000000087000000, 0x00000000d5580000)
  object space 114688K, 16% used [0x0000000080000000,0x00000000812be388,0x0000000087000000)
 Metaspace       used 50797K, capacity 51982K, committed 52136K, reserved 1093632K
  class space    used 6715K, capacity 7075K, committed 7088K, reserved 1048576K
Event: 45.673 GC heap after
Heap after GC invocations=9 (full 2):
 PSYoungGen      total 193024K, used 16357K [0x00000000d5580000, 0x00000000e5d00000, 0x0000000100000000)
  eden space 176640K, 0% used [0x00000000d5580000,0x00000000d5580000,0x00000000e0200000)
  from space 16384K, 99% used [0x00000000e0200000,0x00000000e11f97d0,0x00000000e1200000)
  to   space 22528K, 0% used [0x00000000e4700000,0x00000000e4700000,0x00000000e5d00000)
 ParOldGen       total 114688K, used 26386K [0x0000000080000000, 0x0000000087000000, 0x00000000d5580000)
  object space 114688K, 23% used [0x0000000080000000,0x00000000819c4830,0x0000000087000000)
 Metaspace       used 50797K, capacity 51982K, committed 52136K, reserved 1093632K
  class space    used 6715K, capacity 7075K, committed 7088K, reserved 1048576K
}
Event: 92.416 GC heap before
{Heap before GC invocations=10 (full 2):
 PSYoungGen      total 193024K, used 169853K [0x00000000d5580000, 0x00000000e5d00000, 0x0000000100000000)
  eden space 176640K, 86% used [0x00000000d5580000,0x00000000deb65e58,0x00000000e0200000)
  from space 16384K, 99% used [0x00000000e0200000,0x00000000e11f97d0,0x00000000e1200000)
  to   space 22528K, 0% used [0x00000000e4700000,0x00000000e4700000,0x00000000e5d00000)
 ParOldGen       total 114688K, used 26386K [0x0000000080000000, 0x0000000087000000, 0x00000000d5580000)
  object space 114688K, 23% used [0x0000000080000000,0x00000000819c4830,0x0000000087000000)
 Metaspace       used 57722K, capacity 59114K, committed 59160K, reserved 1099776K
  class space    used 7630K, capacity 8072K, committed 8112K, reserved 1048576K
Event: 92.449 GC heap after
Heap after GC invocations=10 (full 2):
 PSYoungGen      total 239104K, used 22506K [0x00000000d5580000, 0x00000000e5d00000, 0x0000000100000000)
  eden space 216576K, 0% used [0x00000000d5580000,0x00000000d5580000,0x00000000e2900000)
  from space 22528K, 99% used [0x00000000e4700000,0x00000000e5cfabc8,0x00000000e5d00000)
  to   space 26624K, 0% used [0x00000000e2900000,0x00000000e2900000,0x00000000e4300000)
 ParOldGen       total 114688K, used 27270K [0x0000000080000000, 0x0000000087000000, 0x00000000d5580000)
  object space 114688K, 23% used [0x0000000080000000,0x0000000081aa1998,0x0000000087000000)
 Metaspace       used 57722K, capacity 59114K, committed 59160K, reserved 1099776K
  class space    used 7630K, capacity 8072K, committed 8112K, reserved 1048576K
}
Event: 92.449 GC heap before
{Heap before GC invocations=11 (full 3):
 PSYoungGen      total 239104K, used 22506K [0x00000000d5580000, 0x00000000e5d00000, 0x0000000100000000)
  eden space 216576K, 0% used [0x00000000d5580000,0x00000000d5580000,0x00000000e2900000)
  from space 22528K, 99% used [0x00000000e4700000,0x00000000e5cfabc8,0x00000000e5d00000)
  to   space 26624K, 0% used [0x00000000e2900000,0x00000000e2900000,0x00000000e4300000)
 ParOldGen       total 114688K, used 27270K [0x0000000080000000, 0x0000000087000000, 0x00000000d5580000)
  object space 114688K, 23% used [0x0000000080000000,0x0000000081aa1998,0x0000000087000000)
 Metaspace       used 57722K, capacity 59114K, committed 59160K, reserved 1099776K
  class space    used 7630K, capacity 8072K, committed 8112K, reserved 1048576K
Event: 92.766 GC heap after
Heap after GC invocations=11 (full 3):
 PSYoungGen      total 239104K, used 0K [0x00000000d5580000, 0x00000000e5d00000, 0x0000000100000000)
  eden space 216576K, 0% used [0x00000000d5580000,0x00000000d5580000,0x00000000e2900000)
  from space 22528K, 0% used [0x00000000e4700000,0x00000000e4700000,0x00000000e5d00000)
  to   space 26624K, 0% used [0x00000000e2900000,0x00000000e2900000,0x00000000e4300000)
 ParOldGen       total 171520K, used 39195K [0x0000000080000000, 0x000000008a780000, 0x00000000d5580000)
  object space 171520K, 22% used [0x0000000080000000,0x0000000082646f28,0x000000008a780000)
 Metaspace       used 57722K, capacity 59114K, committed 59160K, reserved 1099776K
  class space    used 7630K, capacity 8072K, committed 8112K, reserved 1048576K
}
Event: 118.384 GC heap before
{Heap before GC invocations=12 (full 3):
 PSYoungGen      total 239104K, used 216576K [0x00000000d5580000, 0x00000000e5d00000, 0x0000000100000000)
  eden space 216576K, 100% used [0x00000000d5580000,0x00000000e2900000,0x00000000e2900000)
  from space 22528K, 0% used [0x00000000e4700000,0x00000000e4700000,0x00000000e5d00000)
  to   space 26624K, 0% used [0x00000000e2900000,0x00000000e2900000,0x00000000e4300000)
 ParOldGen       total 171520K, used 39195K [0x0000000080000000, 0x000000008a780000, 0x00000000d5580000)
  object space 171520K, 22% used [0x0000000080000000,0x0000000082646f28,0x000000008a780000)
 Metaspace       used 67249K, capacity 69782K, committed 69928K, reserved 1110016K
  class space    used 9112K, capacity 9913K, committed 10032K, reserved 1048576K
Event: 118.441 GC heap after
Heap after GC invocations=12 (full 3):
 PSYoungGen      total 243200K, used 25253K [0x00000000d5580000, 0x00000000e8380000, 0x0000000100000000)
  eden space 216576K, 0% used [0x00000000d5580000,0x00000000d5580000,0x00000000e2900000)
  from space 26624K, 94% used [0x00000000e2900000,0x00000000e41a9580,0x00000000e4300000)
  to   space 30208K, 0% used [0x00000000e6600000,0x00000000e6600000,0x00000000e8380000)
 ParOldGen       total 171520K, used 39203K [0x0000000080000000, 0x000000008a780000, 0x00000000d5580000)
  object space 171520K, 22% used [0x0000000080000000,0x0000000082648f28,0x000000008a780000)
 Metaspace       used 67249K, capacity 69782K, committed 69928K, reserved 1110016K
  class space    used 9112K, capacity 9913K, committed 10032K, reserved 1048576K
}

